app/build/intermediates/manifest_merge_blame_file/debug/manifest-merger-blame-debug-report.txt
1<?xml version="1.0" encoding="utf-8"?>
2<manifest xmlns:android="http://schemas.android.com/apk/res/android"
3    package="com.example.loopgame"
4    android:versionCode="1"
5    android:versionName="1.0" >
6
7    <uses-sdk
8        android:minSdkVersion="21"
8-->src\main\AndroidManifest.xml
9        android:targetSdkVersion="32" />
9-->src\main\AndroidManifest.xml
10
11    <application
11-->src\main\AndroidManifest.xml:5:5-78:19
12        android:allowBackup="true"
12-->src\main\AndroidManifest.xml:6:9-35
13        android:appComponentFactory="androidx.core.app.CoreComponentFactory"
13-->[androidx.core:core:1.7.0] AndroidManifest.xml:24:18-86
14        android:debuggable="true"
15        android:icon="@mipmap/ic_launcher"
15-->src\main\AndroidManifest.xml:7:9-43
16        android:label="@string/app_name"
16-->src\main\AndroidManifest.xml:8:9-41
17        android:roundIcon="@mipmap/ic_launcher_round"
17-->src\main\AndroidManifest.xml:9:9-54
18        android:supportsRtl="true"
18-->src\main\AndroidManifest.xml:10:9-35
19        android:testOnly="true"
20        android:theme="@style/Theme.LoopGame" >
20-->src\main\AndroidManifest.xml:11:9-46
21        <activity
21-->src\main\AndroidManifest.xml:12:9-14:40
22            android:name="com.example.loopgame.Desempenho"
22-->src\main\AndroidManifest.xml:13:13-39
23            android:exported="false" />
23-->src\main\AndroidManifest.xml:14:13-37
24        <activity
24-->src\main\AndroidManifest.xml:15:9-17:40
25            android:name="com.example.loopgame.TesteNivelFinal"
25-->src\main\AndroidManifest.xml:16:13-44
26            android:exported="false" />
26-->src\main\AndroidManifest.xml:17:13-37
27        <activity
27-->src\main\AndroidManifest.xml:18:9-20:40
28            android:name="com.example.loopgame.DicasC"
28-->src\main\AndroidManifest.xml:19:13-35
29            android:exported="false" />
29-->src\main\AndroidManifest.xml:20:13-37
30        <activity
30-->src\main\AndroidManifest.xml:21:9-23:40
31            android:name="com.example.loopgame.TelaDoJogoC"
31-->src\main\AndroidManifest.xml:22:13-40
32            android:exported="false" />
32-->src\main\AndroidManifest.xml:23:13-37
33        <activity
33-->src\main\AndroidManifest.xml:24:9-26:40
34            android:name="com.example.loopgame.DicasB"
34-->src\main\AndroidManifest.xml:25:13-35
35            android:exported="false" />
35-->src\main\AndroidManifest.xml:26:13-37
36        <activity
36-->src\main\AndroidManifest.xml:27:9-29:40
37            android:name="com.example.loopgame.TelaDoJogoB"
37-->src\main\AndroidManifest.xml:28:13-40
38            android:exported="false" />
38-->src\main\AndroidManifest.xml:29:13-37
39        <activity
39-->src\main\AndroidManifest.xml:30:9-32:40
40            android:name="com.example.loopgame.Conclusao"
40-->src\main\AndroidManifest.xml:31:13-38
41            android:exported="false" />
41-->src\main\AndroidManifest.xml:32:13-37
42        <activity
42-->src\main\AndroidManifest.xml:33:9-35:40
43            android:name="com.example.loopgame.ResultadoNivelC"
43-->src\main\AndroidManifest.xml:34:13-44
44            android:exported="false" />
44-->src\main\AndroidManifest.xml:35:13-37
45        <activity
45-->src\main\AndroidManifest.xml:36:9-38:40
46            android:name="com.example.loopgame.ResultadoNivelB"
46-->src\main\AndroidManifest.xml:37:13-44
47            android:exported="false" />
47-->src\main\AndroidManifest.xml:38:13-37
48        <activity
48-->src\main\AndroidManifest.xml:39:9-41:40
49            android:name="com.example.loopgame.AlterarSenha"
49-->src\main\AndroidManifest.xml:40:13-41
50            android:exported="false" />
50-->src\main\AndroidManifest.xml:41:13-37
51        <activity
51-->src\main\AndroidManifest.xml:42:9-44:40
52            android:name="com.example.loopgame.EsqueciSenha"
52-->src\main\AndroidManifest.xml:43:13-41
53            android:exported="false" />
53-->src\main\AndroidManifest.xml:44:13-37
54        <activity
54-->src\main\AndroidManifest.xml:45:9-47:40
55            android:name="com.example.loopgame.Deslogar"
55-->src\main\AndroidManifest.xml:46:13-37
56            android:exported="false" />
56-->src\main\AndroidManifest.xml:47:13-37
57        <activity
57-->src\main\AndroidManifest.xml:48:9-50:40
58            android:name="com.example.loopgame.TelaDoJogo"
58-->src\main\AndroidManifest.xml:49:13-39
59            android:exported="false" />
59-->src\main\AndroidManifest.xml:50:13-37
60        <activity
60-->src\main\AndroidManifest.xml:51:9-53:40
61            android:name="com.example.loopgame.Dicas"
61-->src\main\AndroidManifest.xml:52:13-34
62            android:exported="false" />
62-->src\main\AndroidManifest.xml:53:13-37
63        <activity
63-->src\main\AndroidManifest.xml:54:9-56:40
64            android:name="com.example.loopgame.ResultadoNivel"
64-->src\main\AndroidManifest.xml:55:13-43
65            android:exported="false" />
65-->src\main\AndroidManifest.xml:56:13-37
66        <activity
66-->src\main\AndroidManifest.xml:57:9-59:40
67            android:name="com.example.loopgame.TesteNivel"
67-->src\main\AndroidManifest.xml:58:13-39
68            android:exported="false" />
68-->src\main\AndroidManifest.xml:59:13-37
69        <activity
69-->src\main\AndroidManifest.xml:60:9-62:40
70            android:name="com.example.loopgame.BemVindo"
70-->src\main\AndroidManifest.xml:61:13-37
71            android:exported="false" />
71-->src\main\AndroidManifest.xml:62:13-37
72        <activity
72-->src\main\AndroidManifest.xml:63:9-65:40
73            android:name="com.example.loopgame.Home"
73-->src\main\AndroidManifest.xml:64:13-33
74            android:exported="false" />
74-->src\main\AndroidManifest.xml:65:13-37
75        <activity
75-->src\main\AndroidManifest.xml:66:9-68:40
76            android:name="com.example.loopgame.Cadastro"
76-->src\main\AndroidManifest.xml:67:13-37
77            android:exported="false" />
77-->src\main\AndroidManifest.xml:68:13-37
78        <activity
78-->src\main\AndroidManifest.xml:69:9-77:20
79            android:name="com.example.loopgame.MainActivity"
79-->src\main\AndroidManifest.xml:70:13-41
80            android:exported="true" >
80-->src\main\AndroidManifest.xml:71:13-36
81            <intent-filter>
81-->src\main\AndroidManifest.xml:72:13-76:29
82                <action android:name="android.intent.action.MAIN" />
82-->src\main\AndroidManifest.xml:73:17-69
82-->src\main\AndroidManifest.xml:73:25-66
83
84                <category android:name="android.intent.category.LAUNCHER" />
84-->src\main\AndroidManifest.xml:75:17-77
84-->src\main\AndroidManifest.xml:75:27-74
85            </intent-filter>
86        </activity>
87
88        <provider
88-->[androidx.emoji2:emoji2:1.0.0] AndroidManifest.xml:26:9-34:20
89            android:name="androidx.startup.InitializationProvider"
89-->[androidx.emoji2:emoji2:1.0.0] AndroidManifest.xml:27:13-67
90            android:authorities="com.example.loopgame.androidx-startup"
90-->[androidx.emoji2:emoji2:1.0.0] AndroidManifest.xml:28:13-68
91            android:exported="false" >
91-->[androidx.emoji2:emoji2:1.0.0] AndroidManifest.xml:29:13-37
92            <meta-data
92-->[androidx.emoji2:emoji2:1.0.0] AndroidManifest.xml:31:13-33:52
93                android:name="androidx.emoji2.text.EmojiCompatInitializer"
93-->[androidx.emoji2:emoji2:1.0.0] AndroidManifest.xml:32:17-75
94                android:value="androidx.startup" />
94-->[androidx.emoji2:emoji2:1.0.0] AndroidManifest.xml:33:17-49
95            <meta-data
95-->[androidx.lifecycle:lifecycle-process:2.4.0] AndroidManifest.xml:31:13-33:52
96                android:name="androidx.lifecycle.ProcessLifecycleInitializer"
96-->[androidx.lifecycle:lifecycle-process:2.4.0] AndroidManifest.xml:32:17-78
97                android:value="androidx.startup" />
97-->[androidx.lifecycle:lifecycle-process:2.4.0] AndroidManifest.xml:33:17-49
98        </provider>
99    </application>
100
101</manifest>